This is pdfTeX, Version 3.1415926-2.4-1.40.13 (TeX Live 2012) (format=pdflatex 2012.6.30)  28 MAY 2013 11:57
entering extended mode
 restricted \write18 enabled.
 %&-line parsing enabled.
**"Developer Guide.tex"
(./Developer Guide.tex
LaTeX2e <2011/06/27>
Babel <v3.8m> and hyphenation patterns for english, dumylang, nohyphenation, ge
rman-x-2012-05-30, ngerman-x-2012-05-30, afrikaans, ancientgreek, ibycus, arabi
c, armenian, basque, bulgarian, catalan, pinyin, coptic, croatian, czech, danis
h, dutch, ukenglish, usenglishmax, esperanto, estonian, ethiopic, farsi, finnis
h, french, friulan, galician, german, ngerman, swissgerman, monogreek, greek, h
ungarian, icelandic, assamese, bengali, gujarati, hindi, kannada, malayalam, ma
rathi, oriya, panjabi, tamil, telugu, indonesian, interlingua, irish, italian, 
kurmanji, latin, latvian, lithuanian, mongolian, mongolianlmc, bokmal, nynorsk,
 polish, portuguese, romanian, romansh, russian, sanskrit, serbian, serbianc, s
lovak, slovenian, spanish, swedish, turkish, turkmen, ukrainian, uppersorbian, 
welsh, loaded.
(/usr/local/texlive/2012/texmf-dist/tex/latex/base/report.cls
Document Class: report 2007/10/19 v1.4h Standard LaTeX document class
(/usr/local/texlive/2012/texmf-dist/tex/latex/base/size12.clo
File: size12.clo 2007/10/19 v1.4h Standard LaTeX file (size option)
)
\c@part=\count79
\c@chapter=\count80
\c@section=\count81
\c@subsection=\count82
\c@subsubsection=\count83
\c@paragraph=\count84
\c@subparagraph=\count85
\c@figure=\count86
\c@table=\count87
\abovecaptionskip=\skip41
\belowcaptionskip=\skip42
\bibindent=\dimen102
)
(/usr/local/texlive/2012/texmf-dist/tex/latex/geometry/geometry.sty
Package: geometry 2010/09/12 v5.6 Page Geometry

(/usr/local/texlive/2012/texmf-dist/tex/latex/graphics/keyval.sty
Package: keyval 1999/03/16 v1.13 key=value parser (DPC)
\KV@toks@=\toks14
)
(/usr/local/texlive/2012/texmf-dist/tex/generic/oberdiek/ifpdf.sty
Package: ifpdf 2011/01/30 v2.3 Provides the ifpdf switch (HO)
Package ifpdf Info: pdfTeX in PDF mode is detected.
)
(/usr/local/texlive/2012/texmf-dist/tex/generic/oberdiek/ifvtex.sty
Package: ifvtex 2010/03/01 v1.5 Detect VTeX and its facilities (HO)
Package ifvtex Info: VTeX not detected.
)
(/usr/local/texlive/2012/texmf-dist/tex/generic/ifxetex/ifxetex.sty
Package: ifxetex 2010/09/12 v0.6 Provides ifxetex conditional
)
\Gm@cnth=\count88
\Gm@cntv=\count89
\c@Gm@tempcnt=\count90
\Gm@bindingoffset=\dimen103
\Gm@wd@mp=\dimen104
\Gm@odd@mp=\dimen105
\Gm@even@mp=\dimen106
\Gm@layoutwidth=\dimen107
\Gm@layoutheight=\dimen108
\Gm@layouthoffset=\dimen109
\Gm@layoutvoffset=\dimen110
\Gm@dimlist=\toks15
)
(/usr/local/texlive/2012/texmf-dist/tex/generic/babel/babel.sty
Package: babel 2008/07/08 v3.8m The Babel package

(/usr/local/texlive/2012/texmf-dist/tex/generic/babel/english.ldf
Language: english 2005/03/30 v3.3o English support from the babel system

(/usr/local/texlive/2012/texmf-dist/tex/generic/babel/babel.def
File: babel.def 2008/07/08 v3.8m Babel common definitions
\babel@savecnt=\count91
\U@D=\dimen111
)
\l@canadian = a dialect from \language\l@american 
\l@australian = a dialect from \language\l@british 
\l@newzealand = a dialect from \language\l@british 
))
(/usr/local/texlive/2012/texmf-dist/tex/latex/xcolor/xcolor.sty
Package: xcolor 2007/01/21 v2.11 LaTeX color extensions (UK)

(/usr/local/texlive/2012/texmf-dist/tex/latex/latexconfig/color.cfg
File: color.cfg 2007/01/18 v1.5 color configuration of teTeX/TeXLive
)
Package xcolor Info: Driver file: pdftex.def on input line 225.

(/usr/local/texlive/2012/texmf-dist/tex/latex/pdftex-def/pdftex.def
File: pdftex.def 2011/05/27 v0.06d Graphics/color for pdfTeX

(/usr/local/texlive/2012/texmf-dist/tex/generic/oberdiek/infwarerr.sty
Package: infwarerr 2010/04/08 v1.3 Providing info/warning/error messages (HO)
)
(/usr/local/texlive/2012/texmf-dist/tex/generic/oberdiek/ltxcmds.sty
Package: ltxcmds 2011/11/09 v1.22 LaTeX kernel commands for general use (HO)
)
\Gread@gobject=\count92
)
Package xcolor Info: Model `cmy' substituted by `cmy0' on input line 1337.
Package xcolor Info: Model `hsb' substituted by `rgb' on input line 1341.
Package xcolor Info: Model `RGB' extended on input line 1353.
Package xcolor Info: Model `HTML' substituted by `rgb' on input line 1355.
Package xcolor Info: Model `Hsb' substituted by `hsb' on input line 1356.
Package xcolor Info: Model `tHsb' substituted by `hsb' on input line 1357.
Package xcolor Info: Model `HSB' substituted by `hsb' on input line 1358.
Package xcolor Info: Model `Gray' substituted by `gray' on input line 1359.
Package xcolor Info: Model `wave' substituted by `hsb' on input line 1360.
)
(/usr/local/texlive/2012/texmf-dist/tex/latex/base/fix-cm.sty
Package: fix-cm 2006/09/13 v1.1m fixes to LaTeX

(/usr/local/texlive/2012/texmf-dist/tex/latex/base/ts1enc.def
File: ts1enc.def 2001/06/05 v3.0e (jk/car/fm) Standard LaTeX file
))
(/usr/local/texlive/2012/texmf-dist/tex/latex/hyperref/hyperref.sty
Package: hyperref 2012/05/13 v6.82q Hypertext links for LaTeX

(/usr/local/texlive/2012/texmf-dist/tex/generic/oberdiek/hobsub-hyperref.sty
Package: hobsub-hyperref 2012/05/28 v1.13 Bundle oberdiek, subset hyperref (HO)


(/usr/local/texlive/2012/texmf-dist/tex/generic/oberdiek/hobsub-generic.sty
Package: hobsub-generic 2012/05/28 v1.13 Bundle oberdiek, subset generic (HO)
Package: hobsub 2012/05/28 v1.13 Construct package bundles (HO)
Package hobsub Info: Skipping package `infwarerr' (already loaded).
Package hobsub Info: Skipping package `ltxcmds' (already loaded).
Package: ifluatex 2010/03/01 v1.3 Provides the ifluatex switch (HO)
Package ifluatex Info: LuaTeX not detected.
Package hobsub Info: Skipping package `ifvtex' (already loaded).
Package: intcalc 2007/09/27 v1.1 Expandable calculations with integers (HO)
Package hobsub Info: Skipping package `ifpdf' (already loaded).
Package: etexcmds 2011/02/16 v1.5 Avoid name clashes with e-TeX commands (HO)
Package etexcmds Info: Could not find \expanded.
(etexcmds)             That can mean that you are not using pdfTeX 1.50 or
(etexcmds)             that some package has redefined \expanded.
(etexcmds)             In the latter case, load this package earlier.
Package: kvsetkeys 2012/04/25 v1.16 Key value parser (HO)
Package: kvdefinekeys 2011/04/07 v1.3 Define keys (HO)
Package: pdftexcmds 2011/11/29 v0.20 Utility functions of pdfTeX for LuaTeX (HO
)
Package pdftexcmds Info: LuaTeX not detected.
Package pdftexcmds Info: \pdf@primitive is available.
Package pdftexcmds Info: \pdf@ifprimitive is available.
Package pdftexcmds Info: \pdfdraftmode found.
Package: pdfescape 2011/11/25 v1.13 Implements pdfTeX's escape features (HO)
Package: bigintcalc 2012/04/08 v1.3 Expandable calculations on big integers (HO
)
Package: bitset 2011/01/30 v1.1 Handle bit-vector datatype (HO)
Package: uniquecounter 2011/01/30 v1.2 Provide unlimited unique counter (HO)
)
Package hobsub Info: Skipping package `hobsub' (already loaded).
Package: letltxmacro 2010/09/02 v1.4 Let assignment for LaTeX macros (HO)
Package: hopatch 2012/05/28 v1.2 Wrapper for package hooks (HO)
Package: xcolor-patch 2011/01/30 xcolor patch
Package: atveryend 2011/06/30 v1.8 Hooks at the very end of document (HO)
Package atveryend Info: \enddocument detected (standard20110627).
Package: atbegshi 2011/10/05 v1.16 At begin shipout hook (HO)
Package: refcount 2011/10/16 v3.4 Data extraction from label references (HO)
Package: hycolor 2011/01/30 v1.7 Color options for hyperref/bookmark (HO)
)
(/usr/local/texlive/2012/texmf-dist/tex/latex/oberdiek/kvoptions.sty
Package: kvoptions 2011/06/30 v3.11 Key value format for package options (HO)
)
\@linkdim=\dimen112
\Hy@linkcounter=\count93
\Hy@pagecounter=\count94

(/usr/local/texlive/2012/texmf-dist/tex/latex/hyperref/pd1enc.def
File: pd1enc.def 2012/05/13 v6.82q Hyperref: PDFDocEncoding definition (HO)
)
\Hy@SavedSpaceFactor=\count95

(/usr/local/texlive/2012/texmf-dist/tex/latex/latexconfig/hyperref.cfg
File: hyperref.cfg 2002/06/06 v1.2 hyperref configuration of TeXLive
)
Package hyperref Info: Hyper figures OFF on input line 4062.
Package hyperref Info: Link nesting OFF on input line 4067.
Package hyperref Info: Hyper index ON on input line 4070.
Package hyperref Info: Plain pages OFF on input line 4077.
Package hyperref Info: Backreferencing OFF on input line 4082.
Package hyperref Info: Implicit mode ON; LaTeX internals redefined.
Package hyperref Info: Bookmarks ON on input line 4300.
\c@Hy@tempcnt=\count96

(/usr/local/texlive/2012/texmf-dist/tex/latex/url/url.sty
\Urlmuskip=\muskip10
Package: url 2006/04/12  ver 3.3  Verb mode for urls, etc.
)
LaTeX Info: Redefining \url on input line 4653.
\Fld@menulength=\count97
\Field@Width=\dimen113
\Fld@charsize=\dimen114
Package hyperref Info: Hyper figures OFF on input line 5773.
Package hyperref Info: Link nesting OFF on input line 5778.
Package hyperref Info: Hyper index ON on input line 5781.
Package hyperref Info: backreferencing OFF on input line 5788.
Package hyperref Info: Link coloring OFF on input line 5793.
Package hyperref Info: Link coloring with OCG OFF on input line 5798.
Package hyperref Info: PDF/A mode OFF on input line 5803.
LaTeX Info: Redefining \ref on input line 5843.
LaTeX Info: Redefining \pageref on input line 5847.
\Hy@abspage=\count98
\c@Item=\count99
\c@Hfootnote=\count100
)

Package hyperref Message: Driver (autodetected): hpdftex.

(/usr/local/texlive/2012/texmf-dist/tex/latex/hyperref/hpdftex.def
File: hpdftex.def 2012/05/13 v6.82q Hyperref driver for pdfTeX
\Fld@listcount=\count101
\c@bookmark@seq@number=\count102

(/usr/local/texlive/2012/texmf-dist/tex/latex/oberdiek/rerunfilecheck.sty
Package: rerunfilecheck 2011/04/15 v1.7 Rerun checks for auxiliary files (HO)
Package uniquecounter Info: New unique counter `rerunfilecheck' on input line 2
82.
)
\Hy@SectionHShift=\skip43
)
(/usr/local/texlive/2012/texmf-dist/tex/latex/parskip/parskip.sty
Package: parskip 2001/04/09 non-zero parskip adjustments
)
(/usr/local/texlive/2012/texmf-dist/tex/latex/oberdiek/picture.sty
Package: picture 2009/10/11 v1.3 Dimens for picture macros (HO)
Package picture Info: Calculation method: etex.
)
(/usr/local/texlive/2012/texmf-dist/tex/latex/setspace/setspace.sty
Package: setspace 2011/12/19 v6.7a set line spacing
)
(/usr/local/texlive/2012/texmf-dist/tex/latex/amsfonts/amssymb.sty
Package: amssymb 2009/06/22 v3.00

(/usr/local/texlive/2012/texmf-dist/tex/latex/amsfonts/amsfonts.sty
Package: amsfonts 2009/06/22 v3.00 Basic AMSFonts support
\@emptytoks=\toks16
\symAMSa=\mathgroup4
\symAMSb=\mathgroup5
LaTeX Font Info:    Overwriting math alphabet `\mathfrak' in version `bold'
(Font)                  U/euf/m/n --> U/euf/b/n on input line 96.
))
(/usr/local/texlive/2012/texmf-dist/tex/latex/mh/mathtools.sty
Package: mathtools 2012/04/24 v1.12 mathematical typesetting tools

(/usr/local/texlive/2012/texmf-dist/tex/latex/tools/calc.sty
Package: calc 2007/08/22 v4.3 Infix arithmetic (KKT,FJ)
\calc@Acount=\count103
\calc@Bcount=\count104
\calc@Adimen=\dimen115
\calc@Bdimen=\dimen116
\calc@Askip=\skip44
\calc@Bskip=\skip45
LaTeX Info: Redefining \setlength on input line 76.
LaTeX Info: Redefining \addtolength on input line 77.
\calc@Ccount=\count105
\calc@Cskip=\skip46
)
(/usr/local/texlive/2012/texmf-dist/tex/latex/mh/mhsetup.sty
Package: mhsetup 2010/01/21 v1.2a programming setup (MH)
)
(/usr/local/texlive/2012/texmf-dist/tex/latex/amsmath/amsmath.sty
Package: amsmath 2000/07/18 v2.13 AMS math features
\@mathmargin=\skip47

For additional information on amsmath, use the `?' option.
(/usr/local/texlive/2012/texmf-dist/tex/latex/amsmath/amstext.sty
Package: amstext 2000/06/29 v2.01

(/usr/local/texlive/2012/texmf-dist/tex/latex/amsmath/amsgen.sty
File: amsgen.sty 1999/11/30 v2.0
\@emptytoks=\toks17
\ex@=\dimen117
))
(/usr/local/texlive/2012/texmf-dist/tex/latex/amsmath/amsbsy.sty
Package: amsbsy 1999/11/29 v1.2d
\pmbraise@=\dimen118
)
(/usr/local/texlive/2012/texmf-dist/tex/latex/amsmath/amsopn.sty
Package: amsopn 1999/12/14 v2.01 operator names
)
\inf@bad=\count106
LaTeX Info: Redefining \frac on input line 211.
\uproot@=\count107
\leftroot@=\count108
LaTeX Info: Redefining \overline on input line 307.
\classnum@=\count109
\DOTSCASE@=\count110
LaTeX Info: Redefining \ldots on input line 379.
LaTeX Info: Redefining \dots on input line 382.
LaTeX Info: Redefining \cdots on input line 467.
\Mathstrutbox@=\box26
\strutbox@=\box27
\big@size=\dimen119
LaTeX Font Info:    Redeclaring font encoding OML on input line 567.
LaTeX Font Info:    Redeclaring font encoding OMS on input line 568.
\macc@depth=\count111
\c@MaxMatrixCols=\count112
\dotsspace@=\muskip11
\c@parentequation=\count113
\dspbrk@lvl=\count114
\tag@help=\toks18
\row@=\count115
\column@=\count116
\maxfields@=\count117
\andhelp@=\toks19
\eqnshift@=\dimen120
\alignsep@=\dimen121
\tagshift@=\dimen122
\tagwidth@=\dimen123
\totwidth@=\dimen124
\lineht@=\dimen125
\@envbody=\toks20
\multlinegap=\skip48
\multlinetaggap=\skip49
\mathdisplay@stack=\toks21
LaTeX Info: Redefining \[ on input line 2666.
LaTeX Info: Redefining \] on input line 2667.
)
\g_MT_multlinerow_int=\count118
\l_MT_multwidth_dim=\dimen126
\origjot=\skip50
\l_MT_shortvdotswithinadjustabove_dim=\dimen127
\l_MT_shortvdotswithinadjustbelow_dim=\dimen128
\l_MT_above_intertext_dim=\dimen129
\l_MT_below_intertext_dim=\dimen130
\l_MT_above_shortintertext_dim=\dimen131
\l_MT_below_shortintertext_dim=\dimen132
)
(/usr/local/texlive/2012/texmf-dist/tex/latex/graphics/graphicx.sty
Package: graphicx 1999/02/16 v1.0f Enhanced LaTeX Graphics (DPC,SPQR)

(/usr/local/texlive/2012/texmf-dist/tex/latex/graphics/graphics.sty
Package: graphics 2009/02/05 v1.0o Standard LaTeX Graphics (DPC,SPQR)

(/usr/local/texlive/2012/texmf-dist/tex/latex/graphics/trig.sty
Package: trig 1999/03/16 v1.09 sin cos tan (DPC)
)
(/usr/local/texlive/2012/texmf-dist/tex/latex/latexconfig/graphics.cfg
File: graphics.cfg 2010/04/23 v1.9 graphics configuration of TeX Live
)
Package graphics Info: Driver file: pdftex.def on input line 91.
)
\Gin@req@height=\dimen133
\Gin@req@width=\dimen134
)
(/usr/local/texlive/2012/texmf-dist/tex/latex/floatrow/floatrow.sty
Package: floatrow 2008/08/02 v0.3b floatrow: float package extension

(/usr/local/texlive/2012/texmf-dist/tex/latex/caption/caption3.sty
Package: caption3 2012/01/12 v1.4b caption3 kernel (AR)
\captionmargin=\dimen135
\captionmargin@=\dimen136
\captionwidth=\dimen137
\caption@indent=\dimen138
\caption@parindent=\dimen139
\caption@hangindent=\dimen140
)
\c@float@type=\count119
\float@exts=\toks22
\float@box=\box28
\@floatcapt=\box29
Package floatrow Info: Modified float package code loaded on input line 455.
Package floatrow Info: Modified rotfloat package code loaded on input line 473.

\FR@everyfloat=\toks23
\flrow@foot=\insert233
\FB@wd=\dimen141
\FBo@wd=\dimen142
\FBc@wd=\dimen143
\FBo@ht=\skip51
\FBc@ht=\skip52
\FBf@ht=\skip53
\FBo@max=\skip54
\FBc@max=\skip55
\FBf@max=\skip56
\c@FBl@b=\count120
\floatbox@depth=\count121
\c@FRobj=\count122
\c@FRsobj=\count123
\Xhsize=\skip57
\sXhsize=\skip58
\Zhsize=\skip59
\sZhsize=\skip60
\flrow@rowbox=\box30
\FR@Zunitlength=\dimen144
\c@FBcnt=\count124
\FPOScnt=\count125
\LTleft=\skip61
\LTright=\skip62
\LTleft=\skip63
\LTright=\skip64
\flrow@types=\toks24
)
(/usr/local/texlive/2012/texmf-dist/tex/latex/caption/caption.sty
Package: caption 2012/02/19 v3.2f Customizing captions (AR)
\c@ContinuedFloat=\count126
Package caption Info: float package is loaded.
Package caption Info: floatrow package is loaded.
Package caption Info: hyperref package is loaded.
)
(/usr/local/texlive/2012/texmf-dist/tex/latex/listings/listings.sty
\lst@mode=\count127
\lst@gtempboxa=\box31
\lst@token=\toks25
\lst@length=\count128
\lst@currlwidth=\dimen145
\lst@column=\count129
\lst@pos=\count130
\lst@lostspace=\dimen146
\lst@width=\dimen147
\lst@newlines=\count131
\lst@lineno=\count132
\lst@maxwidth=\dimen148

(/usr/local/texlive/2012/texmf-dist/tex/latex/listings/lstmisc.sty
File: lstmisc.sty 2007/02/22 1.4 (Carsten Heinz)
\c@lstnumber=\count133
\lst@skipnumbers=\count134
\lst@framebox=\box32
)
(/usr/local/texlive/2012/texmf-dist/tex/latex/listings/listings.cfg
File: listings.cfg 2007/02/22 1.4 listings configuration
))
Package: listings 2007/02/22 1.4 (Carsten Heinz)

(/usr/local/texlive/2012/texmf-dist/tex/latex/listings/lstlang1.sty
File: lstlang1.sty 2004/09/05 1.3 listings language file
)
(./Developer Guide.aux (./Preface/Preface.aux) (./About/About.aux)
(./Configuration/Configuration.aux) (./Initialization/Initialization.aux)
(./Events/Events.aux) (./Database/Database.aux) (./Encryption/Encryption.aux)
(./DatabaseImpl/DatabaseImpl.aux) (./Libraries/Libraries.aux)
(./Architecture/Architecture.aux) (./Exceptions/Exceptions.aux))
\openout1 = `"Developer Guide.aux"'.

LaTeX Font Info:    Checking defaults for OML/cmm/m/it on input line 56.
LaTeX Font Info:    ... okay on input line 56.
LaTeX Font Info:    Checking defaults for T1/cmr/m/n on input line 56.
LaTeX Font Info:    ... okay on input line 56.
LaTeX Font Info:    Checking defaults for OT1/cmr/m/n on input line 56.
LaTeX Font Info:    ... okay on input line 56.
LaTeX Font Info:    Checking defaults for OMS/cmsy/m/n on input line 56.
LaTeX Font Info:    ... okay on input line 56.
LaTeX Font Info:    Checking defaults for OMX/cmex/m/n on input line 56.
LaTeX Font Info:    ... okay on input line 56.
LaTeX Font Info:    Checking defaults for U/cmr/m/n on input line 56.
LaTeX Font Info:    ... okay on input line 56.
LaTeX Font Info:    Checking defaults for TS1/cmr/m/n on input line 56.
LaTeX Font Info:    ... okay on input line 56.
LaTeX Font Info:    Checking defaults for PD1/pdf/m/n on input line 56.
LaTeX Font Info:    ... okay on input line 56.

*geometry* detected driver: pdftex
*geometry* verbose mode - [ preamble ] result:
* driver: pdftex
* paper: a4paper
* layout: <same size as paper>
* layoutoffset:(h,v)=(0.0pt,0.0pt)
* modes: 
* h-part:(L,W,R)=(89.62709pt, 418.25368pt, 89.6271pt)
* v-part:(T,H,B)=(101.40665pt, 591.5302pt, 152.11pt)
* \paperwidth=597.50787pt
* \paperheight=845.04684pt
* \textwidth=418.25368pt
* \textheight=591.5302pt
* \oddsidemargin=0.0pt
* \evensidemargin=0.0pt
* \topmargin=-7.86334pt
* \headheight=12.0pt
* \headsep=25.0pt
* \topskip=12.0pt
* \footskip=30.0pt
* \marginparwidth=44.0pt
* \marginparsep=10.0pt
* \columnsep=10.0pt
* \skip\footins=10.8pt plus 4.0pt minus 2.0pt
* \hoffset=0.0pt
* \voffset=0.0pt
* \mag=1000
* \@twocolumnfalse
* \@twosidefalse
* \@mparswitchfalse
* \@reversemarginfalse
* (1in=72.27pt=25.4mm, 1cm=28.453pt)

(/usr/local/texlive/2012/texmf-dist/tex/context/base/supp-pdf.mkii
[Loading MPS to PDF converter (version 2006.09.02).]
\scratchcounter=\count135
\scratchdimen=\dimen149
\scratchbox=\box33
\nofMPsegments=\count136
\nofMParguments=\count137
\everyMPshowfont=\toks26
\MPscratchCnt=\count138
\MPscratchDim=\dimen150
\MPnumerator=\count139
\makeMPintoPDFobject=\count140
\everyMPtoPDFconversion=\toks27
)
\AtBeginShipoutBox=\box34
Package hyperref Info: Link coloring OFF on input line 56.
 (/usr/local/texlive/2012/texmf-dist/tex/latex/hyperref/nameref.sty
Package: nameref 2010/04/30 v2.40 Cross-referencing by name of section

(/usr/local/texlive/2012/texmf-dist/tex/generic/oberdiek/gettitlestring.sty
Package: gettitlestring 2010/12/03 v1.4 Cleanup title references (HO)
)
\c@section@level=\count141
)
LaTeX Info: Redefining \ref on input line 56.
LaTeX Info: Redefining \pageref on input line 56.
LaTeX Info: Redefining \nameref on input line 56.

(./Developer Guide.out) (./Developer Guide.out)
\@outlinefile=\write3
\openout3 = `"Developer Guide.out"'.


(/usr/local/texlive/2012/texmf-dist/tex/latex/oberdiek/epstopdf-base.sty
Package: epstopdf-base 2010/02/09 v2.5 Base part for package epstopdf

(/usr/local/texlive/2012/texmf-dist/tex/latex/oberdiek/grfext.sty
Package: grfext 2010/08/19 v1.1 Manage graphics extensions (HO)
)
Package grfext Info: Graphics extension search list:
(grfext)             [.png,.pdf,.jpg,.mps,.jpeg,.jbig2,.jb2,.PNG,.PDF,.JPG,.JPE
G,.JBIG2,.JB2,.eps]
(grfext)             \AppendGraphicsExtensions on input line 452.

(/usr/local/texlive/2012/texmf-dist/tex/latex/latexconfig/epstopdf-sys.cfg
File: epstopdf-sys.cfg 2010/07/13 v1.3 Configuration of (r)epstopdf for TeX Liv
e
))
Package caption Info: Begin \AtBeginDocument code.
Package caption Info: listings package is loaded.
Package caption Info: End \AtBeginDocument code.
\c@lstlisting=\count142

Overfull \hbox (13.83325pt too wide) in paragraph at lines 74--75
[][][][][][][] 
 []

[1

{/usr/local/texlive/2012/texmf-var/fonts/map/pdftex/updmap/pdftex.map}]
[1

] (./Developer Guide.toc
LaTeX Font Info:    Try loading font information for U+msa on input line 3.

(/usr/local/texlive/2012/texmf-dist/tex/latex/amsfonts/umsa.fd
File: umsa.fd 2009/06/22 v3.00 AMS symbols A
)
LaTeX Font Info:    Try loading font information for U+msb on input line 3.

(/usr/local/texlive/2012/texmf-dist/tex/latex/amsfonts/umsb.fd
File: umsb.fd 2009/06/22 v3.00 AMS symbols B
)pdfTeX warning (ext4): destination with the same identifier (name{page.}) has 
been already used, duplicate ignored
<to be read again> 
                   \relax 
l.28 ...e {5.2.5}Create Index}{}{subsection.5.2.5}
                                                   [2

]pdfTeX warning (ext4): destination with the same identifier (name{page.}) has 
been already used, duplicate ignored
<to be read again> 
                   \relax 
l.67 ...\selectfont {Database Layer}}{}{chapter.7}
                                                   [3])
\tf@toc=\write4
\openout4 = `"Developer Guide.toc"'.

pdfTeX warning (ext4): destination with the same identifier (name{page.}) has b
een already used, duplicate ignored
<to be read again> 
                   \relax 
l.107 \include{Preface/Preface}
                                [4]pdfTeX warning (ext4): destination with the 
same identifier (name{page.}) has been already used, duplicate ignored
<to be read again> 
                   \relax 
l.107 \include{Preface/Preface}
                                [5]
\openout2 = `Preface/Preface.aux'.

 (./Preface/Preface.tex
LaTeX Font Info:    Calculating math sizes for size <11> on input line 27.

Underfull \hbox (badness 10000) in paragraph at lines 27--27

 []

pdfTeX warning (ext4): destination with the same identifier (name{page.}) has b
een already used, duplicate ignored
<to be read again> 
                   \relax 
l.41 
      [6

])pdfTeX warning (ext4): destination with the same identifier (name{page.}) has
 been already used, duplicate ignored
<to be read again> 
                   \relax 
l.107 \include{Preface/Preface}
                                [7]
\openout2 = `About/About.aux'.

 (./About/About.tex
Chapter 1.

Overfull \hbox (0.40071pt too wide) in paragraph at lines 14--15
\OT1/cmr/m/n/10.95 Siminov Hy-brid is build us-ing Simi-nov An-droid ORM Frame-
work and Simi-nov JavaScript
 []

)pdfTeX warning (ext4): destination with the same identifier (name{page.}) has 
been already used, duplicate ignored
<to be read again> 
                   \relax 
l.108 \include{About/About}
                            [8



]pdfTeX warning (ext4): destination with the same identifier (name{page.}) has 
been already used, duplicate ignored
<to be read again> 
                   \relax 
l.108 \include{About/About}
                            [9]
\openout2 = `Configuration/Configuration.aux'.

 (./Configuration/Configuration.tex
Chapter 2.
<Resources/siminov_descriptors.png, id=588, 459.96844pt x 399.74344pt>
File: Resources/siminov_descriptors.png Graphic file (type png)

<use Resources/siminov_descriptors.png>
Package pdftex.def Info: Resources/siminov_descriptors.png used on input line 7
.
(pdftex.def)             Requested size: 261.91803pt x 227.62204pt.
pdfTeX warning (ext4): destination with the same identifier (name{page.}) has b
een already used, duplicate ignored
<to be read again> 
                   \relax 
l.16 \newpage
              [10



 <./Resources/siminov_descriptors.png>]
<Resources/application_assests_structure.png, id=595, 176.15813pt x 153.57375pt
>
File: Resources/application_assests_structure.png Graphic file (type png)
 <use Resources/application_assests_structure.png>
Package pdftex.def Info: Resources/application_assests_structure.png used on in
put line 19.
(pdftex.def)             Requested size: 261.11311pt x 227.62204pt.

Underfull \hbox (badness 10000) in paragraph at lines 40--40

 []

pdfTeX warning (ext4): destination with the same identifier (name{page.}) has b
een already used, duplicate ignored
<to be read again> 
                   \relax 
l.46 \newpage
              [11 <./Resources/application_assests_structure.png>]
(/usr/local/texlive/2012/texmf-dist/tex/latex/listings/lstlang1.sty
File: lstlang1.sty 2004/09/05 1.3 listings language file
)
(/usr/local/texlive/2012/texmf-dist/tex/latex/listings/lstmisc.sty
File: lstmisc.sty 2007/02/22 1.4 (Carsten Heinz)
)
(./Resources/application_descriptor.txt
LaTeX Font Info:    Try loading font information for OML+cmr on input line 1.

(/usr/local/texlive/2012/texmf-dist/tex/latex/base/omlcmr.fd
File: omlcmr.fd 1999/05/25 v2.5h Standard LaTeX font definitions
)
LaTeX Font Info:    Font shape `OML/cmr/m/n' in size <10> not available
(Font)              Font shape `OML/cmm/m/it' tried instead on input line 1.
)pdfTeX warning (ext4): destination with the same identifier (name{page.}) has 
been already used, duplicate ignored
<to be read again> 
                   \relax 
l.52 \newpage
              [12] (./Resources/siminov_template_application_descriptor.txt)
Underfull \hbox (badness 10000) in paragraph at lines 78--78

 []

pdfTeX warning (ext4): destination with the same identifier (name{page.}) has b
een already used, duplicate ignored
<to be read again> 
                   \relax 
l.80 		\end{center}
                    [13]
<Resources/siminov_template_application_data_folder_structure_for_application_n
ame.png, id=673, 197.23688pt x 70.01157pt>
File: Resources/siminov_template_application_data_folder_structure_for_applicat
ion_name.png Graphic file (type png)

<use Resources/siminov_template_application_data_folder_structure_for_applicati
on_name.png>
Package pdftex.def Info: Resources/siminov_template_application_data_folder_str
ucture_for_application_name.png used on input line 95.
(pdftex.def)             Requested size: 240.48114pt x 85.35826pt.

Underfull \hbox (badness 10000) in paragraph at lines 127--127

 []

pdfTeX warning (ext4): destination with the same identifier (name{page.}) has b
een already used, duplicate ignored
<to be read again> 
                   \relax 
l.129 		\end{center}
                     [14 <./Resources/siminov_template_application_data_folder_
structure_for_application_name.png>]
LaTeX Font Info:    Try loading font information for OMS+cmr on input line 138.


(/usr/local/texlive/2012/texmf-dist/tex/latex/base/omscmr.fd
File: omscmr.fd 1999/05/25 v2.5h Standard LaTeX font definitions
)
LaTeX Font Info:    Font shape `OMS/cmr/m/n' in size <10.95> not available
(Font)              Font shape `OMS/cmsy/m/n' tried instead on input line 138.

Underfull \hbox (badness 10000) in paragraph at lines 180--180

 []


<Resources/siminov_application_template_application_descriptor_path_example.png
, id=691, 173.14688pt x 121.95563pt>
File: Resources/siminov_application_template_application_descriptor_path_exampl
e.png Graphic file (type png)

<use Resources/siminov_application_template_application_descriptor_path_example
.png>
Package pdftex.def Info: Resources/siminov_application_template_application_des
criptor_path_example.png used on input line 188.
(pdftex.def)             Requested size: 181.78316pt x 128.0374pt.
pdfTeX warning (ext4): destination with the same identifier (name{page.}) has b
een already used, duplicate ignored
<to be read again> 
                   \relax 
l.192 \newpage
               [15 <./Resources/siminov_application_template_application_descri
ptor_path_example.png>]
Overfull \hbox (40.68623pt too wide) in paragraph at lines 193--193
[]\OT1/cmr/bx/n/17.28 Database De-scrip-tor (DatabaseDescrip-tor.si.xml)
 []

(./Resources/database_descriptor.txt)pdfTeX warning (ext4): destination with th
e same identifier (name{page.}) has been already used, duplicate ignored
<to be read again> 
                   \relax 
l.198 \newpage
               [16] (./Resources/siminov_template_database_descriptor.txt)
Underfull \hbox (badness 10000) in paragraph at lines 225--225

 []

pdfTeX warning (ext4): destination with the same identifier (name{page.}) has b
een already used, duplicate ignored
<to be read again> 
                   \relax 
l.234 	\item \small
                    General Properties About Database. [17]
<Resources/siminov_template_application_data_folder_structure_for_database_name
.png, id=771, 201.75375pt x 70.01157pt>
File: Resources/siminov_template_application_data_folder_structure_for_database
_name.png Graphic file (type png)

<use Resources/siminov_template_application_data_folder_structure_for_database_
name.png>
Package pdftex.def Info: Resources/siminov_template_application_data_folder_str
ucture_for_database_name.png used on input line 242.
(pdftex.def)             Requested size: 245.98836pt x 85.35826pt.

Overfull \hbox (1.90527pt too wide) in paragraph at lines 248--249
[]\OT1/cmr/bx/n/10.95 is[]locking[]required\OT1/cmr/m/n/10.95 : \OT1/cmr/bx/n/1
0.95 TRUE\OT1/cmr/m/n/10.95 /\OT1/cmr/bx/n/10.95 FALSE\OT1/cmr/m/n/10.95 , Con-
trol whether or not the database
 []


Underfull \hbox (badness 10000) in paragraph at lines 268--268

 []


Underfull \hbox (badness 10000) in paragraph at lines 299--299

 []


Underfull \hbox (badness 10000) in paragraph at lines 325--325

 []

pdfTeX warning (ext4): destination with the same identifier (name{page.}) has b
een already used, duplicate ignored
<to be read again> 
                   \relax 
l.327 			\end{center}
                      [18 <./Resources/siminov_template_application_data_folder
_structure_for_database_name.png>]
Underfull \hbox (badness 10000) in paragraph at lines 352--352

 []

pdfTeX warning (ext4): destination with the same identifier (name{page.}) has b
een already used, duplicate ignored
<to be read again> 
                   \relax 
l.356 \newpage
               [19]
<Resources/siminov_template_application_database_descriptor_path_example.png, i
d=795, 748.29562pt x 247.67531pt>
File: Resources/siminov_template_application_database_descriptor_path_example.p
ng Graphic file (type png)

<use Resources/siminov_template_application_database_descriptor_path_example.pn
g>
Package pdftex.def Info: Resources/siminov_template_application_database_descri
ptor_path_example.png used on input line 361.
(pdftex.def)             Requested size: 515.77647pt x 170.71652pt.

Overfull \hbox (97.5228pt too wide) in paragraph at lines 361--362
 [][] 
 []

pdfTeX warning (ext4): destination with the same identifier (name{page.}) has b
een already used, duplicate ignored
<to be read again> 
                   \relax 
l.367 \newpage
               [20 <./Resources/siminov_template_application_database_descripto
r_path_example.png>]
Overfull \hbox (11.33018pt too wide) in paragraph at lines 368--368
[]\OT1/cmr/bx/n/17.28 Library De-scrip-tor (Li-brary-De-scrip-tor.si.xml)
 []

(./Resources/library_descriptor.txt)
(./Resources/siminov_library_template_library_descriptor.txt)
Underfull \hbox (badness 10000) in paragraph at lines 398--398

 []

pdfTeX warning (ext4): destination with the same identifier (name{page.}) has b
een already used, duplicate ignored
<to be read again> 
                   \relax 
l.400 		\end{center}
                     [21]pdfTeX warning (ext4): destination with the same ident
ifier (name{page.}) has been already used, duplicate ignored
<to be read again> 
                   \relax 
l.403 \newpage
               [22]
Underfull \hbox (badness 10000) in paragraph at lines 439--439

 []


Underfull \hbox (badness 10000) in paragraph at lines 465--465

 []


<Resources/siminov_library_template_path_example.png, id=844, 633.86812pt x 188
.95593pt>
File: Resources/siminov_library_template_path_example.png Graphic file (type pn
g)
 <use Resources/siminov_library_template_path_example.png>
Package pdftex.def Info: Resources/siminov_library_template_path_example.png us
ed on input line 473.
(pdftex.def)             Requested size: 591.77386pt x 176.407pt.

Overfull \hbox (173.52019pt too wide) in paragraph at lines 473--474
 [][] 
 []

pdfTeX warning (ext4): destination with the same identifier (name{page.}) has b
een already used, duplicate ignored
<to be read again> 
                   \relax 
l.478 \newpage
               [23 <./Resources/siminov_library_template_path_example.png>]
Overfull \hbox (12.86023pt too wide) in paragraph at lines 479--479
[]\OT1/cmr/bx/n/17.28 Database Map-ping De-scrip-tor (DatabaseMap-
 []

(./Resources/database_mapping_descriptor.txtpdfTeX warning (ext4): destination 
with the same identifier (name{page.}) has been already used, duplicate ignored

<to be read again> 
                   \relax 
l.37 		<
        /column> [24]pdfTeX warning (ext4): destination with the same identifie
r (name{page.}) has been already used, duplicate ignored
<to be read again> 
                   \relax 
l.77 					<
           !-- Optional Field (Default is false) --> [25])
(./Resources/siminov_template_application_liquor_database_mapping_descriptor.tx
tpdfTeX warning (ext4): destination with the same identifier (name{page.}) has 
been already used, duplicate ignored
<to be read again> 
                   \relax 
l.23 		<
        /column> [26])pdfTeX warning (ext4): destination with the same identifi
er (name{page.}) has been already used, duplicate ignored
<to be read again> 
                   \relax 
l.489 \newpage
               [27]
Overfull \hbox (44.72163pt too wide) in paragraph at lines 519--520
\OT1/cmr/m/it/10.95 java.lang.Float\OT1/cmr/m/n/10.95 , \OT1/cmr/m/it/10.95 boo
lean\OT1/cmr/m/n/10.95 , \OT1/cmr/m/it/10.95 java.lang.Boolean\OT1/cmr/m/n/10.9
5 , \OT1/cmr/m/it/10.95 char\OT1/cmr/m/n/10.95 , \OT1/cmr/m/it/10.95 java.lang.
Character\OT1/cmr/m/n/10.95 , \OT1/cmr/m/it/10.95 java.lang.String\OT1/cmr/m/n/
10.95 ,
 []


Overfull \hbox (4.06813pt too wide) in paragraph at lines 519--520
\OT1/cmr/m/it/10.95 byte\OT1/cmr/m/n/10.95 , \OT1/cmr/m/it/10.95 java.lang.Byte
\OT1/cmr/m/n/10.95 , \OT1/cmr/m/it/10.95 void\OT1/cmr/m/n/10.95 , \OT1/cmr/m/it
/10.95 java.lang.Void\OT1/cmr/m/n/10.95 , \OT1/cmr/m/it/10.95 short\OT1/cmr/m/n
/10.95 , \OT1/cmr/m/it/10.95 java.lang.Short\OT1/cmr/m/n/10.95 ). It is manda-
 []


Underfull \hbox (badness 10000) in paragraph at lines 553--553

 []

pdfTeX warning (ext4): destination with the same identifier (name{page.}) has b
een already used, duplicate ignored
<to be read again> 
                   \relax 
l.555 		\end{center}
                     [28]pdfTeX warning (ext4): destination with the same ident
ifier (name{page.}) has been already used, duplicate ignored
<to be read again> 
                   \relax 
l.594 
       [29]pdfTeX warning (ext4): destination with the same identifier (name{pa
ge.}) has been already used, duplicate ignored
<to be read again> 
                   \relax 
l.624 \newpage
               [30]
Underfull \hbox (badness 10000) in paragraph at lines 645--645

 []


<Resources/siminov_template_database_descriptor_mapping_path_example.png, id=10
51, 695.59875pt x 199.49532pt>
File: Resources/siminov_template_database_descriptor_mapping_path_example.png G
raphic file (type png)

<use Resources/siminov_template_database_descriptor_mapping_path_example.png>
Package pdftex.def Info: Resources/siminov_template_database_descriptor_mapping
_path_example.png used on input line 653.
(pdftex.def)             Requested size: 595.27382pt x 170.71652pt.

Overfull \hbox (177.02014pt too wide) in paragraph at lines 653--654
 [][] 
 []

pdfTeX warning (ext4): destination with the same identifier (name{page.}) has b
een already used, duplicate ignored
<to be read again> 
                   \relax 
l.657 \newpage
               [31 <./Resources/siminov_template_database_descriptor_mapping_pa
th_example.png>]
(/usr/local/texlive/2012/texmf-dist/tex/latex/listings/lstlang1.sty
File: lstlang1.sty 2004/09/05 1.3 listings language file
)
(./Resources/database_mapping_descriptor_annotation.txt
LaTeX Font Info:    Font shape `OMS/cmr/m/n' in size <10> not available
(Font)              Font shape `OMS/cmsy/m/n' tried instead on input line 2.
pdfTeX warning (ext4): destination with the same identifier (name{page.}) has b
een already used, duplicate ignored
<to be read again> 
                   \relax 
l.30 	properties=
                 { [32])
(./Resources/siminov_template_application_liquor_annotation_class.txtpdfTeX war
ning (ext4): destination with the same identifier (name{page.}) has been alread
y used, duplicate ignored
<to be read again> 
                   \relax 
l.38 }
       [33])pdfTeX warning (ext4): destination with the same identifier (name{p
age.}) has been already used, duplicate ignored
<to be read again> 
                   \relax 
l.669 \newpage
               [34]
Overfull \hbox (10.41899pt too wide) in paragraph at lines 727--728
[]\OT1/cmr/bx/n/10.95 unique \OT1/cmr/m/n/10.95 | \OT1/cmr/bx/n/10.95 Colum-n-P
rop-erty\OT1/cmr/m/n/10.95 .\OT1/cmr/bx/n/10.95 UNIQUE\OT1/cmr/m/n/10.95 : \OT1
/cmr/m/it/10.95 TRUE\OT1/cmr/m/n/10.95 /\OT1/cmr/m/it/10.95 FALSE\OT1/cmr/m/n/1
0.95 . It de-fines wheather
 []

pdfTeX warning (ext4): destination with the same identifier (name{page.}) has b
een already used, duplicate ignored
<to be read again> 
                   \relax 
l.738 			\item \small
                      \textbf{onDelete}: \textit{cascade}/\textit{restrict}/...
[35])pdfTeX warning (ext4): destination with the same identifier (name{page.}) 
has been already used, duplicate ignored
<to be read again> 
                   \relax 
l.109 \include{Configuration/Configuration}
                                            [36]
\openout2 = `Initialization/Initialization.aux'.


(./Initialization/Initialization.tex
Chapter 3.
(./Resources/siminov_initialization_example_1.txt)
Underfull \hbox (badness 10000) in paragraph at lines 29--29

 []

pdfTeX warning (ext4): destination with the same identifier (name{page.}) has b
een already used, duplicate ignored
<to be read again> 
                   \relax 
l.33 	\newpage
               [37



] (./Resources/siminov_initialization_example_2.txt)
Underfull \hbox (badness 10000) in paragraph at lines 51--51

 []


Underfull \hbox (badness 10000) in paragraph at lines 78--78

 []

(./Resources/resources_class_apis.txtpdfTeX warning (ext4): destination with th
e same identifier (name{page.}) has been already used, duplicate ignored
<to be read again> 
                   \relax 
l.3 	public 
            static Resources getInstance(); [38]pdfTeX warning (ext4): destinat
ion with the same identifier (name{page.}) has been already used, duplicate ign
ored
<to be read again> 
                   \relax 
l.37 	public 
             IDatabase getDatabaseBasedOnDatabaseDescriptorName(final String...
[39])
Overfull \hbox (0.15857pt too wide) in paragraph at lines 115--116
\OT1/cmr/m/n/10.95 Siminov Frame-work pro-vides easy con-fig-u-ra-tion prop-ert
y in Ap-pli-ca-tion-De-scrip-tor.si.xml
 []


<Resources/siminov_application_template_application_descriptor_load_example.png
, id=1257, 385.44pt x 105.39375pt>
File: Resources/siminov_application_template_application_descriptor_load_exampl
e.png Graphic file (type png)

<use Resources/siminov_application_template_application_descriptor_load_example
.png>
Package pdftex.def Info: Resources/siminov_application_template_application_des
criptor_load_example.png used on input line 126.
(pdftex.def)             Requested size: 364.20155pt x 99.58464pt.
pdfTeX warning (ext4): destination with the same identifier (name{page.}) has b
een already used, duplicate ignored
<to be read again> 
                   \relax 
l.131 
       [40 <./Resources/siminov_application_template_application_descriptor_loa
d_example.png>]pdfTeX warning (ext4): destination with the same identifier (nam
e{page.}) has been already used, duplicate ignored
<to be read again> 
                   \relax 
l.141 \newpage
               [41]
<Resources/siminov_application_multiple_schemas_example.png, id=1285, 750.55406
pt x 243.91125pt>
File: Resources/siminov_application_multiple_schemas_example.png Graphic file (
type png)

<use Resources/siminov_application_multiple_schemas_example.png>
Package pdftex.def Info: Resources/siminov_application_multiple_schemas_example
.png used on input line 149.
(pdftex.def)             Requested size: 481.54402pt x 156.49014pt.

Overfull \hbox (63.29034pt too wide) in paragraph at lines 149--150
 [][] 
 []

)pdfTeX warning (ext4): destination with the same identifier (name{page.}) has 
been already used, duplicate ignored
<to be read again> 
                   \relax 
l.110 \include{Initialization/Initialization}
                                              [42 <./Resources/siminov_applicat
ion_multiple_schemas_example.png>]
\openout2 = `Events/Events.aux'.

 (./Events/Events.tex
Chapter 4.
(./Resources/isiminov_events_notifier.txt)
(./Resources/siminov_template_application_first_time_siminov_initialized_event_
notifier_example.txtpdfTeX warning (ext4): destination with the same identifier
 (name{page.}) has been already used, duplicate ignored
<to be read again> 
                   \relax 
l.1 	public 
            void firstTimeSiminovInitialized() { [43



])
(./Resources/idatabase_events_notifier.txtpdfTeX warning (ext4): destination wi
th the same identifier (name{page.}) has been already used, duplicate ignored
<to be read again> 
                   \relax 
l.17 }
       [44])
Overfull \hbox (5.06682pt too wide) in paragraph at lines 91--92
\OT1/cmr/m/n/10.95 It is trig-gered when a in-dex is dropped from ta-ble. This 
API pro-vides DatabaseMap-
 []

)pdfTeX warning (ext4): destination with the same identifier (name{page.}) has 
been already used, duplicate ignored
<to be read again> 
                   \relax 
l.111 \include{Events/Events}
                              [45]
\openout2 = `Database/Database.aux'.

 (./Database/Database.tex
Chapter 5.
(./Resources/data_type_int_primitive_example.txt)
(./Resources/data_type_integer_class_example.txt)
(./Resources/data_type_long_primitive_example.txt)pdfTeX warning (ext4): destin
ation with the same identifier (name{page.}) has been already used, duplicate i
gnored
<to be read again> 
                   \relax 
l.27 ...rces/data_type_long_primitive_example.txt}
                                                   [46



]
(./Resources/data_type_long_class_example.txt)
(./Resources/data_type_float_primitive_example.txt)
(./Resources/data_type_float_class_example.txt)
(./Resources/data_type_boolean_primitive_example.txt)pdfTeX warning (ext4): des
tination with the same identifier (name{page.}) has been already used, duplicat
e ignored
<to be read again> 
                   \relax 
l.56 		\textbf{Example:}
                         Java Boolean Class Data Type [47]
(./Resources/data_type_boolean_class_example.txt)
(./Resources/data_type_char_example.txt)
(./Resources/data_type_character_class_example.txt)
(./Resources/data_type_string_class_example.txt)
(./Resources/data_type_byte_primitive_example.txt)pdfTeX warning (ext4): destin
ation with the same identifier (name{page.}) has been already used, duplicate i
gnored
<to be read again> 
                   \relax 
l.81 ...rces/data_type_byte_primitive_example.txt}
                                                   [48]
(./Resources/data_type_byte_class_example.txt)
(./Resources/data_type_void_primitive_example.txt)
(./Resources/data_type_void_class_example.txt)
(./Resources/data_type_short_primitive_example.txt)
(./Resources/data_type_short_class_example.txtpdfTeX warning (ext4): destinatio
n with the same identifier (name{page.}) has been already used, duplicate ignor
ed
<to be read again> 
                   \relax 
l.1 		<c
        olumn variable_name="name-of-variable" column_name="name-of-column">
[49]) (./Resources/create_database_api.txt)pdfTeX warning (ext4): destination w
ith the same identifier (name{page.}) has been already used, duplicate ignored
<to be read again> 
                   \relax 
l.158 					\begin{center}
                          [50] (./Resources/create_database_api_example.txt)
(./Resources/drop_database_api.txt) (./Resources/drop_database_api_example.txtp
dfTeX warning (ext4): destination with the same identifier (name{page.}) has be
en already used, duplicate ignored
<to be read again> 
                   \relax 
l.3 	try 
         { [51]) (./Resources/create_table_example_xml.txtpdfTeX warning (ext4)
: destination with the same identifier (name{page.}) has been already used, dup
licate ignored
<to be read again> 
                   \relax 
l.25 		<
        column variable_name="alcholContent" column_name="ALCHOL_CONTENT">
[52]) (./Resources/create_table_example_xml_annotation.txtpdfTeX warning (ext4)
: destination with the same identifier (name{page.}) has been already used, dup
licate ignored
<to be read again> 
                   \relax 
l.19 	//
        Liquor Types [53]pdfTeX warning (ext4): destination with the same ident
ifier (name{page.}) has been already used, duplicate ignored
<to be read again> 
                   \relax 
l.57 		})
          [54]pdfTeX warning (ext4): destination with the same identifier (name
{page.}) has been already used, duplicate ignored
<to be read again> 
                   \relax 
l.106 	public 
              void setLiquorBrands(ArrayList<LiquorBrand> liquorBrands) {
[55]) (./Resources/create_table_example_programmatically.txtpdfTeX warning (ext
4): destination with the same identifier (name{page.}) has been already used, d
uplicate ignored
<to be read again> 
                   \relax 
l.36 history.
             setColumnName("HISTORY"); [56]pdfTeX warning (ext4): destination w
ith the same identifier (name{page.}) has been already used, duplicate ignored
<to be read again> 
                   \relax 
l.83 try 
         { [57])
(./Resources/create_table_iterator_of_database_mapping_descriptor_objects.txt)
(./Resources/create_table_iterator_of_database_mapping_descriptor_objects_examp
le.txt) (./Resources/create_table_database_mapping_object.txt)
(./Resources/create_table_database_mapping_object_example.txtpdfTeX warning (ex
t4): destination with the same identifier (name{page.}) has been already used, 
duplicate ignored
<to be read again> 
                   \relax 
l.13 		liquorType.
                  setPrimaryKey(true); [58]pdfTeX warning (ext4): destination w
ith the same identifier (name{page.}) has been already used, duplicate ignored
<to be read again> 
                   \relax 
l.57 		databaseMapping.
                       addColumn(link); [59])
(./Resources/instance_drop_table_method.txt)
(./Resources/instance_drop_table_method_example.txtpdfTeX warning (ext4): desti
nation with the same identifier (name{page.}) has been already used, duplicate 
ignored
<to be read again> 
                   \relax 
l.4 		//
        Log It. [60]) (./Resources/static_drop_table_method.txt)
(./Resources/static_drop_table_method_example.txt)
(./Resources/create_index_using_xml.txt)pdfTeX warning (ext4): destination with
 the same identifier (name{page.}) has been already used, duplicate ignored
<to be read again> 
                   \relax 
l.283 				D
           atabase class provides few API's two create index programmatically
[61] (./Resources/create_index_programmatically_1.txt)
(./Resources/create_index_programmatically_1_example.txt)
(./Resources/create_index_programmatically_2.txt)
(./Resources/create_index_programmatically_2_example.txt)pdfTeX warning (ext4):
 destination with the same identifier (name{page.}) has been already used, dupl
icate ignored
<to be read again> 
                   \relax 
l.297 ...ate_index_programmatically_2_example.txt}
                                                   [62]
(./Resources/create_index_programmatically_3.txt)
(./Resources/create_index_programmatically_3_example.txt)
(./Resources/create_index_programmatically_4.txt)
(./Resources/create_index_programmatically_4_example.txt)pdfTeX warning (ext4):
 destination with the same identifier (name{page.}) has been already used, dupl
icate ignored
<to be read again> 
                   \relax 
l.322 			\item \small
                      \lstinputlisting[language=Java]{Resources/drop_index_1...
[63] (./Resources/drop_index_1.txt) (./Resources/drop_index_1_example.txt)
(./Resources/drop_index_2.txt) (./Resources/drop_index_2_example.txt)
(./Resources/select.txt) (./Resources/ifetch_interface.txtpdfTeX warning (ext4)
: destination with the same identifier (name{page.}) has been already used, dup
licate ignored
<to be read again> 
                   \relax 
l.3 	/*
       * [64]pdfTeX warning (ext4): destination with the same identifier (name{
page.}) has been already used, duplicate ignored
<to be read again> 
                   \relax 
l.44 	/*
        * [65]pdfTeX warning (ext4): destination with the same identifier (name
{page.}) has been already used, duplicate ignored
<to be read again> 
                   \relax 
l.86 	/*
        * [66]) (./Resources/ifetchclause_interface.txtpdfTeX warning (ext4): d
estination with the same identifier (name{page.}) has been already used, duplic
ate ignored
<to be read again> 
                   \relax 
l.24 	/*
        * [67])pdfTeX warning (ext4): destination with the same identifier (nam
e{page.}) has been already used, duplicate ignored
<to be read again> 
                   \relax 
l.354 ...va]{Resources/ifetchclause_interface.txt}
                                                   [68]
(./Resources/select_example.txt) (./Resources/manual_select.txt)
(./Resources/manual_select_example.txt) (./Resources/save.txt)
(./Resources/save_example.txtpdfTeX warning (ext4): destination with the same i
dentifier (name{page.}) has been already used, duplicate ignored
<to be read again> 
                   \relax 
l.9 		beer.
           save(); [69]) (./Resources/update.txt)
(./Resources/update_example.txt) (./Resources/save_or_update.txt)
(./Resources/save_or_update_example.txtpdfTeX warning (ext4): destination with 
the same identifier (name{page.}) has been already used, duplicate ignored
<to be read again> 
                   \relax 
l.4 	beer.
          setHistory(applicationContext.getString(R.string.beer_history));
[70]) (./Resources/delete.txt) (./Resources/idelete.txtpdfTeX warning (ext4): d
estination with the same identifier (name{page.}) has been already used, duplic
ate ignored
<to be read again> 
                   \relax 
l.16 }
       [71]) (./Resources/ideleteclause.txt) (./Resources/delete_example.txt)
(./Resources/get_database_descriptor.txt)pdfTeX warning (ext4): destination wit
h the same identifier (name{page.}) has been already used, duplicate ignored
<to be read again> 
                   \relax 
l.436 ...a]{Resources/get_database_descriptor.txt}
                                                   [72]
(./Resources/get_database_descriptor_example.txt)
(./Resources/get_database_mapping.txt)
(./Resources/get_database_mapping_example.txt) (./Resources/get_table_name.txt)
(./Resources/get_table_name_example.txt)pdfTeX warning (ext4): destination with
 the same identifier (name{page.}) has been already used, duplicate ignored
<to be read again> 
                   \relax 
l.456 ...va]{Resources/get_table_name_example.txt}
                                                   [73]
(./Resources/get_column_names.txt) (./Resources/get_column_names_example.txt)
(./Resources/get_column_values.txt) (./Resources/get_column_values_example.txt)
(./Resources/get_column_types.txt)pdfTeX warning (ext4): destination with the s
ame identifier (name{page.}) has been already used, duplicate ignored
<to be read again> 
                   \relax 
l.476 ...age=Java]{Resources/get_column_types.txt}
                                                   [74]
(./Resources/get_column_types_example.txt) (./Resources/get_primary_keys.txt)
(./Resources/get_primary_keys_example.txt)
(./Resources/get_mandatory_fields.txt)
(./Resources/get_mandatory_fields_example.txtpdfTeX warning (ext4): destination
 with the same identifier (name{page.}) has been already used, duplicate ignore
d
<to be read again> 
                   \relax 
l.5 		//
        Log it. [75]) (./Resources/get_unique_fields.txt)
(./Resources/get_unique_fields_example.txt) (./Resources/get_foreign_keys.txt)
(./Resources/get_foreign_keys_example.txt)pdfTeX warning (ext4): destination wi
th the same identifier (name{page.}) has been already used, duplicate ignored
<to be read again> 
                   \relax 
l.521 			\textbf{API}
                     : Count API. [76] (./Resources/count.txt)
(./Resources/icount_interface.txtpdfTeX warning (ext4): destination with the sa
me identifier (name{page.}) has been already used, duplicate ignored
<to be read again> 
                   \relax 
l.33 	 * 
         @return ICountClause Interface. [77]pdfTeX warning (ext4): destination
 with the same identifier (name{page.}) has been already used, duplicate ignore
d
<to be read again> 
                   \relax 
l.72 }
       [78]) (./Resources/icountclause_interface.txtpdfTeX warning (ext4): dest
ination with the same identifier (name{page.}) has been already used, duplicate
 ignored
<to be read again> 
                   \relax 
l.39 	 * 
         Used to specify LESS THAN EQUAL (<=) condition. [79])
(./Resources/count_example.txt)pdfTeX warning (ext4): destination with the same
 identifier (name{page.}) has been already used, duplicate ignored
<to be read again> 
                   \relax 
l.541 			\textbf{API}
                     : Average API. [80] (./Resources/average.txt)
(./Resources/iaverage_interface.txtpdfTeX warning (ext4): destination with the 
same identifier (name{page.}) has been already used, duplicate ignored
<to be read again> 
                   \relax 
l.32 	 * 
         Used to specify GROUP BY statement in conjunction with the aggregat...
[81]) (./Resources/iaverageclause_interface.txtpdfTeX warning (ext4): destinati
on with the same identifier (name{page.}) has been already used, duplicate igno
red
<to be read again> 
                   \relax 
l.1 public 
           interface IAverageClause { [82]pdfTeX warning (ext4): destination wi
th the same identifier (name{page.}) has been already used, duplicate ignored
<to be read again> 
                   \relax 
l.45 	/*
        * [83]) (./Resources/average_example.txt)pdfTeX warning (ext4): destina
tion with the same identifier (name{page.}) has been already used, duplicate ig
nored
<to be read again> 
                   \relax 
l.564 ...listing[language=Java]{Resources/sum.txt}
                                                   [84] (./Resources/sum.txt)
(./Resources/isum_interface.txtpdfTeX warning (ext4): destination with the same
 identifier (name{page.}) has been already used, duplicate ignored
<to be read again> 
                   \relax 
l.34 	 * 
         @param columns Name of columns. [85])
(./Resources/isumclause_interface.txtpdfTeX warning (ext4): destination with th
e same identifier (name{page.}) has been already used, duplicate ignored
<to be read again> 
                   \relax 
l.5 	 * 
        @param value Value for which EQUAL TO (=) condition will be applied.
[86]pdfTeX warning (ext4): destination with the same identifier (name{page.}) h
as been already used, duplicate ignored
<to be read again> 
                   \relax 
l.48 	 * 
         @param end End Range. [87]) (./Resources/sum_example.txt)
(./Resources/total.txt)pdfTeX warning (ext4): destination with the same identif
ier (name{page.}) has been already used, duplicate ignored
<to be read again> 
                   \relax 
l.586 ...sting[language=Java]{Resources/total.txt}
                                                   [88]
(./Resources/itotal_interface.txtpdfTeX warning (ext4): destination with the sa
me identifier (name{page.}) has been already used, duplicate ignored
<to be read again> 
                   \relax 
l.39 	 * 
         Used to specify HAVING clause to SQL because the WHERE keyword coul...
[89]) (./Resources/itotalclause_interface.txtpdfTeX warning (ext4): destination
 with the same identifier (name{page.}) has been already used, duplicate ignore
d
<to be read again> 
                   \relax 
l.10 	/*
        * [90]pdfTeX warning (ext4): destination with the same identifier (name
{page.}) has been already used, duplicate ignored
<to be read again> 
                   \relax 
l.53 	/*
        * [91]) (./Resources/total_example.txt) (./Resources/minimum.txt)pdfTeX
 warning (ext4): destination with the same identifier (name{page.}) has been al
ready used, duplicate ignored
<to be read again> 
                   \relax 
l.615 ...e=Java]{Resources/iminimum_interface.txt}
                                                   [92]
(./Resources/iminimum_interface.txtpdfTeX warning (ext4): destination with the 
same identifier (name{page.}) has been already used, duplicate ignored
<to be read again> 
                   \relax 
l.41 	 * 
         @return IMinClause Interface. [93])
(./Resources/iminimumclause_interface.txtpdfTeX warning (ext4): destination wit
h the same identifier (name{page.}) has been already used, duplicate ignored
<to be read again> 
                   \relax 
l.13 	 * 
         @return IMax Interface. [94]pdfTeX warning (ext4): destination with th
e same identifier (name{page.}) has been already used, duplicate ignored
<to be read again> 
                   \relax 
l.58 	public 
             IMin like(String like); [95]) (./Resources/minimum_example.txt)
(./Resources/maximum.txt) (./Resources/imax_interface.txtpdfTeX warning (ext4):
 destination with the same identifier (name{page.}) has been already used, dupl
icate ignored
<to be read again> 
                   \relax 
l.6 	 * 
        @return IMaxClause Interface. [96]pdfTeX warning (ext4): destination wi
th the same identifier (name{page.}) has been already used, duplicate ignored
<to be read again> 
                   \relax 
l.47 	 * 
         @param havingClause Where clause. [97])
(./Resources/imaxclause_interface.txtpdfTeX warning (ext4): destination with th
e same identifier (name{page.}) has been already used, duplicate ignored
<to be read again> 
                   \relax 
l.18 	 * 
         Used to specify GREATER THAN (>) condition. [98]pdfTeX warning (ext4):
 destination with the same identifier (name{page.}) has been already used, dupl
icate ignored
<to be read again> 
                   \relax 
l.63 	 * 
         @return IMax Interface. [99]) (./Resources/maximum_example.txt)
(./Resources/groupconcat.txt) (./Resources/igroupconcat_interface.txtpdfTeX war
ning (ext4): destination with the same identifier (name{page.}) has been alread
y used, duplicate ignored
<to be read again> 
                   \relax 
l.11 	 * 
         Column name of which condition will be specified. [100]pdfTeX warning 
(ext4): destination with the same identifier (name{page.}) has been already use
d, duplicate ignored
<to be read again> 
                   \relax 
l.52 	/*
        * [101]) (./Resources/igroupconcatclause_interface.txtpdfTeX warning (e
xt4): destination with the same identifier (name{page.}) has been already used,
 duplicate ignored
<to be read again> 
                   \relax 
l.17 	/*
        * [102]pdfTeX warning (ext4): destination with the same identifier (nam
e{page.}) has been already used, duplicate ignored
<to be read again> 
                   \relax 
l.61 	 * 
         Used to specify IN condition. [103])
(./Resources/groupconcat_example.txt) (./Resources/begin_transaction.txt)
(./Resources/begin_transaction_example.txtpdfTeX warning (ext4): destination wi
th the same identifier (name{page.}) has been already used, duplicate ignored
<to be read again> 
                   \relax 
l.4 	beer.
          setHistory(applicationContext.getString(R.string.beer_history));
[104]) (./Resources/commit_transaction.txt)
(./Resources/commit_transaction_example.txtpdfTeX warning (ext4): destination w
ith the same identifier (name{page.}) has been already used, duplicate ignored
<to be read again> 
                   \relax 
l.10 	try 
          { [105]) (./Resources/end_transaction.txt)
(./Resources/end_transaction_example.txtpdfTeX warning (ext4): destination with
 the same identifier (name{page.}) has been already used, duplicate ignored
<to be read again> 
                   \relax 
l.17 		//
         Log it. [106])
(./Resources/andorid_transaction_set_locking_enabled_api.txt)
<Resources/siminov_template_application_is_locking_enable_example.png, id=3626,
 408.02437pt x 188.20313pt>
File: Resources/siminov_template_application_is_locking_enable_example.png Grap
hic file (type png)

<use Resources/siminov_template_application_is_locking_enable_example.png>
Package pdftex.def Info: Resources/siminov_template_application_is_locking_enab
le_example.png used on input line 721.
(pdftex.def)             Requested size: 431.83138pt x 199.16928pt.

Overfull \hbox (13.5777pt too wide) in paragraph at lines 721--722
 [][] 
 []

pdfTeX warning (ext4): destination with the same identifier (name{page.}) has b
een already used, duplicate ignored
<to be read again> 
                   \relax 
l.727 
       [107 <./Resources/siminov_template_application_is_locking_enable_example
.png>] (./Resources/preparing_where_clause.txt)
(./Resources/one_to_one_syntax.txtpdfTeX warning (ext4): destination with the s
ame identifier (name{page.}) has been already used, duplicate ignored
<to be read again> 
                   \relax 
l.9 			</o
          ne-to-one> [108]) (./Resources/one_to_many_syntax.txt)pdfTeX warning 
(ext4): destination with the same identifier (name{page.}) has been already use
d, duplicate ignored
<to be read again> 
                   \relax 
l.753 
       [109] (./Resources/many_to_one_syntax.txt)
(./Resources/many_to_many_syntax.txtpdfTeX warning (ext4): destination with the
 same identifier (name{page.}) has been already used, duplicate ignored
<to be read again> 
                   \relax 
l.5 		<r
        elationships> [110]))pdfTeX warning (ext4): destination with the same i
dentifier (name{page.}) has been already used, duplicate ignored
<to be read again> 
                   \relax 
l.112 \include{Database/Database}
                                  [111]
\openout2 = `Encryption/Encryption.aux'.

 (./Encryption/Encryption.tex
Chapter 6.
pdfTeX warning (ext4): destination with the same identifier (name{page.}) has b
een already used, duplicate ignored
<to be read again> 
                   \relax 
l.26 			\newpage
                 [112



]
<Resources/siminov_template_sqlcipher_application_setup_1.png, id=3734, 188.203
13pt x 274.77657pt>
File: Resources/siminov_template_sqlcipher_application_setup_1.png Graphic file
 (type png)

<use Resources/siminov_template_sqlcipher_application_setup_1.png>
Package pdftex.def Info: Resources/siminov_template_sqlcipher_application_setup
_1.png used on input line 31.
(pdftex.def)             Requested size: 155.90988pt x 227.62204pt.

<Resources/siminov_template_sqlcipher_application_setup_2.png, id=3735, 188.203
13pt x 274.77657pt>
File: Resources/siminov_template_sqlcipher_application_setup_2.png Graphic file
 (type png)

<use Resources/siminov_template_sqlcipher_application_setup_2.png>
Package pdftex.def Info: Resources/siminov_template_sqlcipher_application_setup
_2.png used on input line 38.
(pdftex.def)             Requested size: 155.90988pt x 227.62204pt.
pdfTeX warning (ext4): destination with the same identifier (name{page.}) has b
een already used, duplicate ignored
<to be read again> 
                   \relax 
l.42 			\newpage
                 [113 <./Resources/siminov_template_sqlcipher_application_setup
_1.png> <./Resources/siminov_template_sqlcipher_application_setup_2.png>]
<Resources/siminov_template_sqlcipher_application_setup_3.png, id=3744, 188.203
13pt x 274.77657pt>
File: Resources/siminov_template_sqlcipher_application_setup_3.png Graphic file
 (type png)

<use Resources/siminov_template_sqlcipher_application_setup_3.png>
Package pdftex.def Info: Resources/siminov_template_sqlcipher_application_setup
_3.png used on input line 47.
(pdftex.def)             Requested size: 155.90988pt x 227.62204pt.

<Resources/siminov_template_sqlcipher_application_setup.png, id=3745, 196.48407
pt x 325.96782pt>
File: Resources/siminov_template_sqlcipher_application_setup.png Graphic file (
type png)

<use Resources/siminov_template_sqlcipher_application_setup.png>
Package pdftex.def Info: Resources/siminov_template_sqlcipher_application_setup
.png used on input line 57.
(pdftex.def)             Requested size: 137.20811pt x 227.62204pt.
pdfTeX warning (ext4): destination with the same identifier (name{page.}) has b
een already used, duplicate ignored
<to be read again> 
                   \relax 
l.60 	\newpage
               [114 <./Resources/siminov_template_sqlcipher_application_setup_3
.png> <./Resources/siminov_template_sqlcipher_application_setup.png>]
<Resources/siminov_sqlcipher_template_application_add_siminov_sqlcipher_jar.png
, id=3753, 188.95593pt x 217.5628pt>
File: Resources/siminov_sqlcipher_template_application_add_siminov_sqlcipher_ja
r.png Graphic file (type png)

<use Resources/siminov_sqlcipher_template_application_add_siminov_sqlcipher_jar
.png>
Package pdftex.def Info: Resources/siminov_sqlcipher_template_application_add_s
iminov_sqlcipher_jar.png used on input line 65.
(pdftex.def)             Requested size: 172.991pt x 199.16928pt.

<Resources/siminov_template_sqlcipher_application_sqlcipherdatabaseimpl_class_c
onfigure.png, id=3754, 462.22687pt x 191.21437pt>
File: Resources/siminov_template_sqlcipher_application_sqlcipherdatabaseimpl_cl
ass_configure.png Graphic file (type png)

<use Resources/siminov_template_sqlcipher_application_sqlcipherdatabaseimpl_cla
ss_configure.png>
Package pdftex.def Info: Resources/siminov_template_sqlcipher_application_sqlci
pherdatabaseimpl_class_configure.png used on input line 72.
(pdftex.def)             Requested size: 295.75365pt x 122.34692pt.
)pdfTeX warning (ext4): destination with the same identifier (name{page.}) has 
been already used, duplicate ignored
<to be read again> 
                   \relax 
l.113 \include{Encryption/Encryption}
                                      [115 <./Resources/siminov_sqlcipher_templ
ate_application_add_siminov_sqlcipher_jar.png> <./Resources/siminov_template_sq
lcipher_application_sqlcipherdatabaseimpl_class_configure.png>]
\openout2 = `DatabaseImpl/DatabaseImpl.aux'.


(./DatabaseImpl/DatabaseImpl.tex
Chapter 7.
(./Resources/idatabase_interface.txtpdfTeX warning (ext4): destination with the
 same identifier (name{page.}) has been already used, duplicate ignored
<to be read again> 
                   \relax 
l.13 	public 
             void executeMethod(final String methodName, final Object parame...
[116



]) (./Resources/idatabase_open_or_create_api_example.txt)
(./Resources/idatabase_close_api_example.txtpdfTeX warning (ext4): destination 
with the same identifier (name{page.}) has been already used, duplicate ignored

<to be read again> 
                   \relax 
l.11 		try 
           { [117]) (./Resources/idatabase_execute_query_api_example.txt)
(./Resources/idatabase_execute_bind_query_api_example.txtpdfTeX warning (ext4):
 destination with the same identifier (name{page.}) has been already used, dupl
icate ignored
<to be read again> 
                   \relax 
l.6 		} 
        catch(DatabaseException databaseException) { [118])
(./Resources/idatabase_execute_fetch_query_api_example.txt)
(./Resources/idatabase_execute_method_api_example.txtpdfTeX warning (ext4): des
tination with the same identifier (name{page.}) has been already used, duplicat
e ignored
<to be read again> 
                   \relax 
l.6 		} 
        catch(DatabaseException databaseException) { [119])
(./Resources/idatatypehandler_interface.txt)
(./Resources/iquerybuilder_interface.txtpdfTeX warning (ext4): destination with
 the same identifier (name{page.}) has been already used, duplicate ignored
<to be read again> 
                   \relax 
l.7 	public 
            String formDropTableQuery(final String tableName); [120]pdfTeX warn
ing (ext4): destination with the same identifier (name{page.}) has been already
 used, duplicate ignored
<to be read again> 
                   \relax 
l.33 	public 
             Iterator<String> formTriggers(final DatabaseMappingDescriptor d...
[121]))pdfTeX warning (ext4): destination with the same identifier (name{page.}
) has been already used, duplicate ignored
<to be read again> 
                   \relax 
l.114 \include{DatabaseImpl/DatabaseImpl}
                                          [122]
\openout2 = `Libraries/Libraries.aux'.

 (./Libraries/Libraries.tex
Chapter 8.

<Resources/setting_up_a_library_project.png, id=3948, 607.26875pt x 420.57124pt
>
File: Resources/setting_up_a_library_project.png Graphic file (type png)
 <use Resources/setting_up_a_library_project.png>
Package pdftex.def Info: Resources/setting_up_a_library_project.png used on inp
ut line 27.
(pdftex.def)             Requested size: 410.83388pt x 284.52756pt.
pdfTeX warning (ext4): destination with the same identifier (name{page.}) has b
een already used, duplicate ignored
<to be read again> 
                   \relax 
l.30 \newpage
              [123



]pdfTeX warning (ext4): destination with the same identifier (name{page.}) has 
been already used, duplicate ignored
<to be read again> 
                   \relax 
l.48 \newpage
              [124 <./Resources/setting_up_a_library_project.png>]
<Resources/referencing_a_library_project.png, id=3967, 607.26875pt x 419.5675pt
>
File: Resources/referencing_a_library_project.png Graphic file (type png)
 <use Resources/referencing_a_library_project.png>
Package pdftex.def Info: Resources/referencing_a_library_project.png used on in
put line 51.
(pdftex.def)             Requested size: 411.81609pt x 284.52756pt.
pdfTeX warning (ext4): destination with the same identifier (name{page.}) has b
een already used, duplicate ignored
<to be read again> 
                   \relax 
l.54 \newpage
              [125 <./Resources/referencing_a_library_project.png>]
<Resources/siminov_library_template_library_descriptor.png, id=3972, 652.68843p
t x 118.94438pt>
File: Resources/siminov_library_template_library_descriptor.png Graphic file (t
ype png)

<use Resources/siminov_library_template_library_descriptor.png>
Package pdftex.def Info: Resources/siminov_library_template_library_descriptor.
png used on input line 63.
(pdftex.def)             Requested size: 546.48181pt x 99.58464pt.

Overfull \hbox (128.22813pt too wide) in paragraph at lines 63--64
 [][] 
 []


<Resources/siminov_library_template_configure.png, id=3973, 683.55376pt x 410.2
828pt>
File: Resources/siminov_library_template_configure.png Graphic file (type png)
 <use Resources/siminov_library_template_configure.png>
Package pdftex.def Info: Resources/siminov_library_template_configure.png used 
on input line 86.
(pdftex.def)             Requested size: 474.03069pt x 284.52756pt.

Overfull \hbox (55.77701pt too wide) in paragraph at lines 86--87
 [][] 
 []

pdfTeX warning (ext4): destination with the same identifier (name{page.}) has b
een already used, duplicate ignored
<to be read again> 
                   \relax 
l.102 		\end{center}
                     [126 <./Resources/siminov_library_template_library_descrip
tor.png> <./Resources/siminov_library_template_configure.png>])pdfTeX warning (
ext4): destination with the same identifier (name{page.}) has been already used
, duplicate ignored
<to be read again> 
                   \relax 
l.115 \include{Libraries/Libraries}
                                    [127]
\openout2 = `Architecture/Architecture.aux'.

 (./Architecture/Architecture.tex
Chapter 9.
<Resources/siminov_layers.png, id=3985, 604.50844pt x 433.62pt>
File: Resources/siminov_layers.png Graphic file (type png)

<use Resources/siminov_layers.png>
Package pdftex.def Info: Resources/siminov_layers.png used on input line 7.
(pdftex.def)             Requested size: 317.32556pt x 227.62204pt.
pdfTeX warning (ext4): destination with the same identifier (name{page.}) has b
een already used, duplicate ignored
<to be read again> 
                   \relax 
l.12 \newpage
              [128



 <./Resources/siminov_layers.png>]
(./Resources/siminov_class.txtpdfTeX warning (ext4): destination with the same 
identifier (name{page.}) has been already used, duplicate ignored
<to be read again> 
                   \relax 
l.34 	public 
             static final void shutdown() throws CoreException; [129])pdfTeX wa
rning (ext4): destination with the same identifier (name{page.}) has been alrea
dy used, duplicate ignored
<to be read again> 
                   \relax 
l.21 \newpage
              [130] (./Resources/resources_class.txtpdfTeX warning (ext4): dest
ination with the same identifier (name{page.}) has been already used, duplicate
 ignored
<to be read again> 
                   \relax 
l.34 	 Get 
           Database Descriptor based on database descriptor name provided as...
[131]pdfTeX warning (ext4): destination with the same identifier (name{page.}) 
has been already used, duplicate ignored
<to be read again> 
                   \relax 
l.74 	/*
        * [132]pdfTeX warning (ext4): destination with the same identifier (nam
e{page.}) has been already used, duplicate ignored
<to be read again> 
                   \relax 
l.112 	 Get 
            all IDatabase objects contain by application. [133])pdfTeX warning 
(ext4): destination with the same identifier (name{page.}) has been already use
d, duplicate ignored
<to be read again> 
                   \relax 
l.29 \newpage
              [134] (./Resources/database_class.txtpdfTeX warning (ext4): desti
nation with the same identifier (name{page.}) has been already used, duplicate 
ignored
<to be read again> 
                   \relax 
l.34 	*/
         [135]pdfTeX warning (ext4): destination with the same identifier (name
{page.}) has been already used, duplicate ignored
<to be read again> 
                   \relax 
l.75 	public 
             static final void endTransaction(final DatabaseDescriptor datab...
[136]pdfTeX warning (ext4): destination with the same identifier (name{page.}) 
has been already used, duplicate ignored
<to be read again> 
                   \relax 
l.108 	/*
         * [137]pdfTeX warning (ext4): destination with the same identifier (na
me{page.}) has been already used, duplicate ignored
<to be read again> 
                   \relax 
l.141 	public 
              final void delete() throws DatabaseException; [138]pdfTeX warning
 (ext4): destination with the same identifier (name{page.}) has been already us
ed, duplicate ignored
<to be read again> 
                   \relax 
l.183 	 Returns 
                the minimum based on column name provided. [139]pdfTeX warning 
(ext4): destination with the same identifier (name{page.}) has been already use
d, duplicate ignored
<to be read again> 
                   \relax 
l.222 	/*
         * [140]pdfTeX warning (ext4): destination with the same identifier (na
me{page.}) has been already used, duplicate ignored
<to be read again> 
                   \relax 
l.259 	 Returns 
                all foreign keys of mapped table for invoked class object.
[141])pdfTeX warning (ext4): destination with the same identifier (name{page.})
 has been already used, duplicate ignored
<to be read again> 
                   \relax 
l.38 \newpage
              [142] (./Resources/application_descriptor_class.txtpdfTeX warning
 (ext4): destination with the same identifier (name{page.}) has been already us
ed, duplicate ignored
<to be read again> 
                   \relax 
l.34 	public 
             boolean containsDatabaseDescriptorBasedOnPath(final String cont...
[143]pdfTeX warning (ext4): destination with the same identifier (name{page.}) 
has been already used, duplicate ignored
<to be read again> 
                   \relax 
l.76 	 Get 
           all event handlers as per defined in ApplicationDescriptor.si.xml...
[144])pdfTeX warning (ext4): destination with the same identifier (name{page.})
 has been already used, duplicate ignored
<to be read again> 
                   \relax 
l.48 \newpage
              [145] (./Resources/database_descriptor_class.txtpdfTeX warning (e
xt4): destination with the same identifier (name{page.}) has been already used,
 duplicate ignored
<to be read again> 
                   \relax 
l.40 	/*
        * [146]pdfTeX warning (ext4): destination with the same identifier (nam
e{page.}) has been already used, duplicate ignored
<to be read again> 
                   \relax 
l.81 	*/
         [147]pdfTeX warning (ext4): destination with the same identifier (name
{page.}) has been already used, duplicate ignored
<to be read again> 
                   \relax 
l.121 }
        [148])pdfTeX warning (ext4): destination with the same identifier (name
{page.}) has been already used, duplicate ignored
<to be read again> 
                   \relax 
l.54 \newpage
              [149] (./Resources/library_descriptor_class.txtpdfTeX warning (ex
t4): destination with the same identifier (name{page.}) has been already used, 
duplicate ignored
<to be read again> 
                   \relax 
l.39 	public 
             DatabaseMappingDescriptor getDatabseMappingBasedOnTableName(fin...
[150])pdfTeX warning (ext4): destination with the same identifier (name{page.})
 has been already used, duplicate ignored
<to be read again> 
                   \relax 
l.60 \newpage
              [151] (./Resources/database_mapping_descriptor_class.txtpdfTeX wa
rning (ext4): destination with the same identifier (name{page.}) has been alrea
dy used, duplicate ignored
<to be read again> 
                   \relax 
l.41 	/*
        * [152]pdfTeX warning (ext4): destination with the same identifier (nam
e{page.}) has been already used, duplicate ignored
<to be read again> 
                   \relax 
l.89 	 Check 
             weather map object exists based on map name. [153]pdfTeX warning (
ext4): destination with the same identifier (name{page.}) has been already used
, duplicate ignored
<to be read again> 
                   \relax 
l.137 			/*
           * [154]pdfTeX warning (ext4): destination with the same identifier (
name{page.}) has been already used, duplicate ignored
<to be read again> 
                   \relax 
l.187 		}
          [155]pdfTeX warning (ext4): destination with the same identifier (nam
e{page.}) has been already used, duplicate ignored
<to be read again> 
                   \relax 
l.234 			/*
           * [156]pdfTeX warning (ext4): destination with the same identifier (
name{page.}) has been already used, duplicate ignored
<to be read again> 
                   \relax 
l.279 			/*
           * [157]pdfTeX warning (ext4): destination with the same identifier (
name{page.}) has been already used, duplicate ignored
<to be read again> 
                   \relax 
l.326 		}
          [158])pdfTeX warning (ext4): destination with the same identifier (na
me{page.}) has been already used, duplicate ignored
<to be read again> 
                   \relax 
l.66 \newpage
              [159] (./Resources/table_annotation_interface.txt)pdfTeX warning 
(ext4): destination with the same identifier (name{page.}) has been already use
d, duplicate ignored
<to be read again> 
                   \relax 
l.72 \newpage
              [160] (./Resources/column_annotation_interface.txt)pdfTeX warning
 (ext4): destination with the same identifier (name{page.}) has been already us
ed, duplicate ignored
<to be read again> 
                   \relax 
l.78 \newpage
              [161] (./Resources/properties_annotation_interface.txt)pdfTeX war
ning (ext4): destination with the same identifier (name{page.}) has been alread
y used, duplicate ignored
<to be read again> 
                   \relax 
l.83 \newpage
              [162] (./Resources/index_annotation_interface.txt)pdfTeX warning 
(ext4): destination with the same identifier (name{page.}) has been already use
d, duplicate ignored
<to be read again> 
                   \relax 
l.88 \newpage
              [163] (./Resources/index_column_annotation_interface.txt)pdfTeX w
arning (ext4): destination with the same identifier (name{page.}) has been alre
ady used, duplicate ignored
<to be read again> 
                   \relax 
l.94 \newpage
              [164] (./Resources/indexes_annotation_interface.txt)pdfTeX warnin
g (ext4): destination with the same identifier (name{page.}) has been already u
sed, duplicate ignored
<to be read again> 
                   \relax 
l.100 \newpage
               [165] (./Resources/reference_annotation_interface.txt)pdfTeX war
ning (ext4): destination with the same identifier (name{page.}) has been alread
y used, duplicate ignored
<to be read again> 
                   \relax 
l.106 \newpage
               [166] (./Resources/map_annotation_interface.txt)pdfTeX warning (
ext4): destination with the same identifier (name{page.}) has been already used
, duplicate ignored
<to be read again> 
                   \relax 
l.112 \newpage
               [167]pdfTeX warning (ext4): destination with the same identifier
 (name{page.}) has been already used, duplicate ignored
<to be read again> 
                   \relax 
l.130 \newpage
               [168] (./Resources/utils_class.txtpdfTeX warning (ext4): destina
tion with the same identifier (name{page.}) has been already used, duplicate ig
nored
<to be read again> 
                   \relax 
l.37 }
       [169]))pdfTeX warning (ext4): destination with the same identifier (name
{page.}) has been already used, duplicate ignored
<to be read again> 
                   \relax 
l.116 \include{Architecture/Architecture}
                                          [170]
\openout2 = `Exceptions/Exceptions.aux'.

 (./Exceptions/Exceptions.tex
Chapter 10.
(./Resources/siminov_exception_class.txt)
(./Resources/deployment_exception_class.txt)
(./Resources/database_exception_class.txt))pdfTeX warning (ext4): destination w
ith the same identifier (name{page.}) has been already used, duplicate ignored
<to be read again> 
                   \relax 
l.117 \include{Exceptions/Exceptions}
                                      [171



]
Package atveryend Info: Empty hook `BeforeClearDocument' on input line 119.
Package atveryend Info: Empty hook `AfterLastShipout' on input line 119.
 (./Developer Guide.aux
(./Preface/Preface.aux) (./About/About.aux) (./Configuration/Configuration.aux)
(./Initialization/Initialization.aux) (./Events/Events.aux)
(./Database/Database.aux) (./Encryption/Encryption.aux)
(./DatabaseImpl/DatabaseImpl.aux) (./Libraries/Libraries.aux)
(./Architecture/Architecture.aux) (./Exceptions/Exceptions.aux))
Package atveryend Info: Executing hook `AtVeryEndDocument' on input line 119.
Package atveryend Info: Executing hook `AtEndAfterFileList' on input line 119.
Package rerunfilecheck Info: File `"Developer Guide".out' has not changed.
(rerunfilecheck)             Checksum: 7A1058E17A91F3E1C34C4F8279E0A185;7414.
Package atveryend Info: Empty hook `AtVeryVeryEnd' on input line 119.
 ) 
Here is how much of TeX's memory you used:
 16439 strings out of 493488
 268065 string characters out of 3141326
 663809 words of memory out of 3000000
 14721 multiletter control sequences out of 15000+200000
 20780 words of font info for 80 fonts, out of 3000000 for 9000
 957 hyphenation exceptions out of 8191
 37i,7n,54p,739b,1879s stack positions out of 5000i,500n,10000p,200000b,50000s
</usr/local/texlive/2012/texmf-dist/fonts/type1/public/amsfonts/cm/cmbx10.pfb
></usr/local/texlive/2012/texmf-dist/fonts/type1/public/amsfonts/cm/cmbx12.pfb>
</usr/local/texlive/2012/texmf-dist/fonts/type1/public/amsfonts/cm/cmbxti10.pfb
></usr/local/texlive/2012/texmf-dist/fonts/type1/public/amsfonts/cm/cmmi10.pfb>
</usr/local/texlive/2012/texmf-dist/fonts/type1/public/amsfonts/cm/cmr10.pfb></
usr/local/texlive/2012/texmf-dist/fonts/type1/public/amsfonts/cm/cmr12.pfb></us
r/local/texlive/2012/texmf-dist/fonts/type1/public/amsfonts/cm/cmr17.pfb></usr/
local/texlive/2012/texmf-dist/fonts/type1/public/amsfonts/cm/cmsy10.pfb></usr/l
ocal/texlive/2012/texmf-dist/fonts/type1/public/amsfonts/cm/cmti10.pfb></usr/lo
cal/texlive/2012/texmf-dist/fonts/type1/public/amsfonts/cm/cmtt10.pfb></usr/loc
al/texlive/2012/texmf-dist/fonts/type1/public/amsfonts/cm/cmtt12.pfb>
Output written on "Developer Guide.pdf" (172 pages, 1135497 bytes).
PDF statistics:
 6248 PDF objects out of 7423 (max. 8388607)
 5977 compressed objects within 60 object streams
 4274 named destinations out of 4296 (max. 500000)
 943 words of extra memory for PDF output out of 10000 (max. 10000000)

