\BOOKMARK [0][-]{chapter*.1}{Preface}{}% 1
\BOOKMARK [1][-]{section.0.1}{Get Involved}{chapter*.1}% 2
\BOOKMARK [1][-]{section.0.2}{Getting Started Guide}{chapter*.1}% 3
\BOOKMARK [0][-]{chapter.1}{About Siminov}{}% 4
\BOOKMARK [1][-]{section.1.1}{Siminov Android ORM}{chapter.1}% 5
\BOOKMARK [1][-]{section.1.2}{Siminvo Hybrid}{chapter.1}% 6
\BOOKMARK [0][-]{chapter.2}{Obtaining Siminov}{}% 7
\BOOKMARK [1][-]{subsection.2.0.1}{Release Bundle Downloads}{chapter.2}% 8
\BOOKMARK [0][-]{chapter.3}{Setting Up Application}{}% 9
\BOOKMARK [1][-]{section.3.1}{Siminov Android ORM}{chapter.3}% 10
\BOOKMARK [1][-]{section.3.2}{Siminov Hybrid}{chapter.3}% 11
\BOOKMARK [0][-]{chapter.4}{Building Application}{}% 12
\BOOKMARK [1][-]{section.4.1}{Configure ApplicationDescriptor.si.xml}{chapter.4}% 13
\BOOKMARK [1][-]{section.4.2}{Configure DatabaseDescriptor.si.xml}{chapter.4}% 14
\BOOKMARK [1][-]{section.4.3}{Configure LibraryDescriptor.si.xml}{chapter.4}% 15
\BOOKMARK [1][-]{section.4.4}{Configure DatabaseMappingDescriptor.si.xml}{chapter.4}% 16
\BOOKMARK [1][-]{section.4.5}{Using Annotation}{chapter.4}% 17
\BOOKMARK [1][-]{section.4.6}{Saving Entity Object}{chapter.4}% 18
\BOOKMARK [1][-]{section.4.7}{Updaing Entity Object}{chapter.4}% 19
\BOOKMARK [1][-]{section.4.8}{Save Or Update Entity Object}{chapter.4}% 20
\BOOKMARK [1][-]{section.4.9}{Deleting Entity Object}{chapter.4}% 21
